<?xml version="1.0" encoding="UTF-8"?>
<!-- Generated by org.testng.reporters.JUnitReportReporter -->
<testsuite hostname="Rahuls-MBP-2.fritz.box" failures="0" tests="1" name="simplesurance.tests.MultiplePolicyCSVTest" time="5.857" errors="0" timestamp="2024-05-27T19:25:41 CEST" skipped="0">
  <testcase classname="simplesurance.tests.MultiplePolicyCSVTest" name="createMultiplePolicyCSV" time="5.857"/>
  <system-out/>
</testsuite> <!-- simplesurance.tests.MultiplePolicyCSVTest -->
