<?xml version="1.0" encoding="UTF-8"?>
<!-- Generated by org.testng.reporters.JUnitReportReporter -->
<testsuite hostname="Rahuls-MBP-2.fritz.box" failures="0" tests="3" name="simplesurance.tests.CreateSinglePolicyTest" time="44.021" errors="0" timestamp="2024-05-27T19:25:41 CEST" skipped="0">
  <testcase classname="simplesurance.tests.CreateSinglePolicyTest" name="createPolicy" time="13.725"/>
  <system-out/>
  <testcase classname="simplesurance.tests.CreateSinglePolicyTest" name="createPolicy" time="16.357"/>
  <system-out/>
  <testcase classname="simplesurance.tests.CreateSinglePolicyTest" name="createPolicyError" time="13.939"/>
  <system-out/>
</testsuite> <!-- simplesurance.tests.CreateSinglePolicyTest -->
